CellsLoad initializing


loading training
loading cell : /home/michal/dataset/cells/monika_sim_3044/testing/rbc41_data_sim3048.dat  done
loading cell : /home/michal/dataset/cells/monika_sim_3044/testing/rbc90_data_sim3048.dat  done
loading cell : /home/michal/dataset/cells/monika_sim_3044/testing/rbc21_data_sim3048.dat  done
loading cell : /home/michal/dataset/cells/monika_sim_3044/testing/rbc72_data_sim3048.dat  done
loading cell : /home/michal/dataset/cells/monika_sim_3044/testing/rbc26_data_sim3048.dat  done
loading cell : /home/michal/dataset/cells/monika_sim_3044/testing/rbc135_data_sim3048.dat  done
loading cell : /home/michal/dataset/cells/monika_sim_3044/testing/rbc55_data_sim3048.dat  done
loading cell : /home/michal/dataset/cells/monika_sim_3044/testing/rbc34_data_sim3048.dat  done
loading cell : /home/michal/dataset/cells/monika_sim_3044/testing/rbc58_data_sim3048.dat  done
loading cell : /home/michal/dataset/cells/monika_sim_3044/testing/rbc128_data_sim3048.dat  done
loading cell : /home/michal/dataset/cells/monika_sim_3044/testing/rbc28_data_sim3048.dat  done
loading cell : /home/michal/dataset/cells/monika_sim_3044/testing/rbc61_data_sim3048.dat  done
loading cell : /home/michal/dataset/cells/monika_sim_3044/testing/rbc117_data_sim3048.dat  done
loading cell : /home/michal/dataset/cells/monika_sim_3044/testing/rbc32_data_sim3048.dat  done
loading cell : /home/michal/dataset/cells/monika_sim_3044/testing/rbc5_data_sim3048.dat  done
loading cell : /home/michal/dataset/cells/monika_sim_3044/testing/rbc4_data_sim3048.dat  done
loading cell : /home/michal/dataset/cells/monika_sim_3044/testing/rbc56_data_sim3048.dat  done
loading cell : /home/michal/dataset/cells/monika_sim_3044/testing/rbc73_data_sim3048.dat  done
loading cell : /home/michal/dataset/cells/monika_sim_3044/testing/rbc10_data_sim3048.dat  done
loading cell : /home/michal/dataset/cells/monika_sim_3044/testing/rbc97_data_sim3048.dat  done
loading cell : /home/michal/dataset/cells/monika_sim_3044/testing/rbc167_data_sim3048.dat  done
loading cell : /home/michal/dataset/cells/monika_sim_3044/testing/rbc70_data_sim3048.dat  done
loading cell : /home/michal/dataset/cells/monika_sim_3044/testing/rbc59_data_sim3048.dat  done
loading cell : /home/michal/dataset/cells/monika_sim_3044/testing/rbc118_data_sim3048.dat  done
loading cell : /home/michal/dataset/cells/monika_sim_3044/testing/rbc169_data_sim3048.dat  done
loading cell : /home/michal/dataset/cells/monika_sim_3044/testing/rbc155_data_sim3048.dat  done
loading cell : /home/michal/dataset/cells/monika_sim_3044/testing/rbc165_data_sim3048.dat  done
loading cell : /home/michal/dataset/cells/monika_sim_3044/testing/rbc109_data_sim3048.dat  done
loading cell : /home/michal/dataset/cells/monika_sim_3044/testing/rbc24_data_sim3048.dat  done
loading cell : /home/michal/dataset/cells/monika_sim_3044/testing/rbc151_data_sim3048.dat  done
loading cell : /home/michal/dataset/cells/monika_sim_3044/testing/rbc60_data_sim3048.dat  done
loading cell : /home/michal/dataset/cells/monika_sim_3044/testing/rbc116_data_sim3048.dat  done
loading cell : /home/michal/dataset/cells/monika_sim_3044/testing/rbc80_data_sim3048.dat  done
loading cell : /home/michal/dataset/cells/monika_sim_3044/testing/rbc76_data_sim3048.dat  done
loading cell : /home/michal/dataset/cells/monika_sim_3044/testing/rbc142_data_sim3048.dat  done
loading cell : /home/michal/dataset/cells/monika_sim_3044/testing/rbc171_data_sim3048.dat  done
loading cell : /home/michal/dataset/cells/monika_sim_3044/testing/rbc46_data_sim3048.dat  done
loading cell : /home/michal/dataset/cells/monika_sim_3044/testing/rbc7_data_sim3048.dat  done
loading cell : /home/michal/dataset/cells/monika_sim_3044/testing/rbc83_data_sim3048.dat  done
loading cell : /home/michal/dataset/cells/monika_sim_3044/testing/rbc22_data_sim3048.dat  done
loading cell : /home/michal/dataset/cells/monika_sim_3044/testing/rbc2_data_sim3048.dat  done
loading cell : /home/michal/dataset/cells/monika_sim_3044/testing/rbc149_data_sim3048.dat  done
loading cell : /home/michal/dataset/cells/monika_sim_3044/testing/rbc38_data_sim3048.dat  done
loading cell : /home/michal/dataset/cells/monika_sim_3044/testing/rbc51_data_sim3048.dat  done
loading cell : /home/michal/dataset/cells/monika_sim_3044/testing/rbc64_data_sim3048.dat  done
loading cell : /home/michal/dataset/cells/monika_sim_3044/testing/rbc11_data_sim3048.dat  done
loading cell : /home/michal/dataset/cells/monika_sim_3044/testing/rbc17_data_sim3048.dat  done
loading cell : /home/michal/dataset/cells/monika_sim_3044/testing/rbc95_data_sim3048.dat  done
loading cell : /home/michal/dataset/cells/monika_sim_3044/testing/rbc16_data_sim3048.dat  done
loading cell : /home/michal/dataset/cells/monika_sim_3044/testing/rbc92_data_sim3048.dat  done
loading cell : /home/michal/dataset/cells/monika_sim_3044/testing/rbc106_data_sim3048.dat  done
loading cell : /home/michal/dataset/cells/monika_sim_3044/testing/rbc67_data_sim3048.dat  done
loading cell : /home/michal/dataset/cells/monika_sim_3044/testing/rbc103_data_sim3048.dat  done
loading cell : /home/michal/dataset/cells/monika_sim_3044/testing/rbc45_data_sim3048.dat  done
loading cell : /home/michal/dataset/cells/monika_sim_3044/testing/rbc93_data_sim3048.dat  done
loading cell : /home/michal/dataset/cells/monika_sim_3044/testing/rbc152_data_sim3048.dat  done
loading cell : /home/michal/dataset/cells/monika_sim_3044/testing/rbc170_data_sim3048.dat  done
loading cell : /home/michal/dataset/cells/monika_sim_3044/testing/rbc136_data_sim3048.dat  done
loading cell : /home/michal/dataset/cells/monika_sim_3044/testing/rbc62_data_sim3048.dat  done
loading cell : /home/michal/dataset/cells/monika_sim_3044/testing/rbc147_data_sim3048.dat  done
loading cell : /home/michal/dataset/cells/monika_sim_3044/testing/rbc44_data_sim3048.dat  done
loading cell : /home/michal/dataset/cells/monika_sim_3044/testing/rbc124_data_sim3048.dat  done
loading cell : /home/michal/dataset/cells/monika_sim_3044/testing/rbc173_data_sim3048.dat  done
loading cell : /home/michal/dataset/cells/monika_sim_3044/testing/rbc121_data_sim3048.dat  done
loading cell : /home/michal/dataset/cells/monika_sim_3044/testing/rbc89_data_sim3048.dat  done
loading cell : /home/michal/dataset/cells/monika_sim_3044/testing/rbc137_data_sim3048.dat  done
loading cell : /home/michal/dataset/cells/monika_sim_3044/testing/rbc105_data_sim3048.dat  done
loading cell : /home/michal/dataset/cells/monika_sim_3044/testing/rbc141_data_sim3048.dat  done
loading cell : /home/michal/dataset/cells/monika_sim_3044/testing/rbc144_data_sim3048.dat  done
loading cell : /home/michal/dataset/cells/monika_sim_3044/testing/rbc30_data_sim3048.dat  done
loading cell : /home/michal/dataset/cells/monika_sim_3044/testing/rbc52_data_sim3048.dat  done
loading cell : /home/michal/dataset/cells/monika_sim_3044/testing/rbc91_data_sim3048.dat  done
loading cell : /home/michal/dataset/cells/monika_sim_3044/testing/rbc8_data_sim3048.dat  done
loading cell : /home/michal/dataset/cells/monika_sim_3044/testing/rbc104_data_sim3048.dat  done
loading cell : /home/michal/dataset/cells/monika_sim_3044/testing/rbc57_data_sim3048.dat  done
loading cell : /home/michal/dataset/cells/monika_sim_3044/testing/rbc168_data_sim3048.dat  done
loading cell : /home/michal/dataset/cells/monika_sim_3044/testing/rbc36_data_sim3048.dat  done
loading cell : /home/michal/dataset/cells/monika_sim_3044/testing/rbc126_data_sim3048.dat  done
loading cell : /home/michal/dataset/cells/monika_sim_3044/testing/rbc74_data_sim3048.dat  done
loading cell : /home/michal/dataset/cells/monika_sim_3044/testing/rbc115_data_sim3048.dat  done
loading cell : /home/michal/dataset/cells/monika_sim_3044/testing/rbc154_data_sim3048.dat  done
loading cell : /home/michal/dataset/cells/monika_sim_3044/testing/rbc138_data_sim3048.dat  done
loading cell : /home/michal/dataset/cells/monika_sim_3044/testing/rbc172_data_sim3048.dat  done
loading cell : /home/michal/dataset/cells/monika_sim_3044/testing/rbc48_data_sim3048.dat  done
loading cell : /home/michal/dataset/cells/monika_sim_3044/testing/rbc157_data_sim3048.dat  done
loading cell : /home/michal/dataset/cells/monika_sim_3044/testing/rbc159_data_sim3048.dat  done
loading cell : /home/michal/dataset/cells/monika_sim_3044/testing/rbc53_data_sim3048.dat  done
loading cell : /home/michal/dataset/cells/monika_sim_3044/testing/rbc134_data_sim3048.dat  done
loading cell : /home/michal/dataset/cells/monika_sim_3044/testing/rbc15_data_sim3048.dat  done
loading cell : /home/michal/dataset/cells/monika_sim_3044/testing/rbc123_data_sim3048.dat  done
loading cell : /home/michal/dataset/cells/monika_sim_3044/testing/rbc139_data_sim3048.dat  done
loading cell : /home/michal/dataset/cells/monika_sim_3044/testing/rbc102_data_sim3048.dat  done
loading cell : /home/michal/dataset/cells/monika_sim_3044/testing/rbc110_data_sim3048.dat  done
loading cell : /home/michal/dataset/cells/monika_sim_3044/testing/rbc174_data_sim3048.dat  done
loading cell : /home/michal/dataset/cells/monika_sim_3044/testing/rbc111_data_sim3048.dat  done
loading cell : /home/michal/dataset/cells/monika_sim_3044/testing/rbc14_data_sim3048.dat  done
loading cell : /home/michal/dataset/cells/monika_sim_3044/testing/rbc69_data_sim3048.dat  done
loading cell : /home/michal/dataset/cells/monika_sim_3044/testing/rbc25_data_sim3048.dat  done
loading cell : /home/michal/dataset/cells/monika_sim_3044/testing/rbc176_data_sim3048.dat  done
loading cell : /home/michal/dataset/cells/monika_sim_3044/testing/rbc77_data_sim3048.dat  done
loading cell : /home/michal/dataset/cells/monika_sim_3044/testing/rbc79_data_sim3048.dat  done
loading cell : /home/michal/dataset/cells/monika_sim_3044/testing/rbc150_data_sim3048.dat  done
loading cell : /home/michal/dataset/cells/monika_sim_3044/testing/rbc18_data_sim3048.dat  done
loading cell : /home/michal/dataset/cells/monika_sim_3044/testing/rbc82_data_sim3048.dat  done
loading cell : /home/michal/dataset/cells/monika_sim_3044/testing/rbc166_data_sim3048.dat  done
loading cell : /home/michal/dataset/cells/monika_sim_3044/testing/rbc12_data_sim3048.dat  done
loading cell : /home/michal/dataset/cells/monika_sim_3044/testing/rbc98_data_sim3048.dat  done
loading cell : /home/michal/dataset/cells/monika_sim_3044/testing/rbc42_data_sim3048.dat  done
loading cell : /home/michal/dataset/cells/monika_sim_3044/testing/rbc140_data_sim3048.dat  done
loading cell : /home/michal/dataset/cells/monika_sim_3044/testing/rbc9_data_sim3048.dat  done
loading cell : /home/michal/dataset/cells/monika_sim_3044/testing/rbc94_data_sim3048.dat  done
loading cell : /home/michal/dataset/cells/monika_sim_3044/testing/rbc130_data_sim3048.dat  done
loading cell : /home/michal/dataset/cells/monika_sim_3044/testing/rbc81_data_sim3048.dat  done
loading cell : /home/michal/dataset/cells/monika_sim_3044/testing/rbc162_data_sim3048.dat  done
loading cell : /home/michal/dataset/cells/monika_sim_3044/testing/rbc1_data_sim3048.dat  done
loading cell : /home/michal/dataset/cells/monika_sim_3044/testing/rbc43_data_sim3048.dat  done
loading cell : /home/michal/dataset/cells/monika_sim_3044/testing/rbc23_data_sim3048.dat  done
loading cell : /home/michal/dataset/cells/monika_sim_3044/testing/rbc31_data_sim3048.dat  done
loading cell : /home/michal/dataset/cells/monika_sim_3044/testing/rbc113_data_sim3048.dat  done
loading cell : /home/michal/dataset/cells/monika_sim_3044/testing/rbc143_data_sim3048.dat  done
loading cell : /home/michal/dataset/cells/monika_sim_3044/testing/rbc127_data_sim3048.dat  done
loading cell : /home/michal/dataset/cells/monika_sim_3044/testing/rbc33_data_sim3048.dat  done
loading cell : /home/michal/dataset/cells/monika_sim_3044/testing/rbc148_data_sim3048.dat  done
loading cell : /home/michal/dataset/cells/monika_sim_3044/testing/rbc63_data_sim3048.dat  done
loading cell : /home/michal/dataset/cells/monika_sim_3044/testing/rbc35_data_sim3048.dat  done
loading cell : /home/michal/dataset/cells/monika_sim_3044/testing/rbc114_data_sim3048.dat  done
loading cell : /home/michal/dataset/cells/monika_sim_3044/testing/rbc86_data_sim3048.dat  done
loading cell : /home/michal/dataset/cells/monika_sim_3044/testing/rbc125_data_sim3048.dat  done
loading cell : /home/michal/dataset/cells/monika_sim_3044/testing/rbc88_data_sim3048.dat  done
loading cell : /home/michal/dataset/cells/monika_sim_3044/testing/rbc156_data_sim3048.dat  done
loading cell : /home/michal/dataset/cells/monika_sim_3044/testing/rbc49_data_sim3048.dat  done
loading cell : /home/michal/dataset/cells/monika_sim_3044/testing/rbc78_data_sim3048.dat  done
loading cell : /home/michal/dataset/cells/monika_sim_3044/testing/rbc71_data_sim3048.dat  done
loading cell : /home/michal/dataset/cells/monika_sim_3044/testing/rbc87_data_sim3048.dat  done
loading cell : /home/michal/dataset/cells/monika_sim_3044/testing/rbc161_data_sim3048.dat  done
loading cell : /home/michal/dataset/cells/monika_sim_3044/testing/rbc68_data_sim3048.dat  done
loading cell : /home/michal/dataset/cells/monika_sim_3044/testing/rbc65_data_sim3048.dat  done
loading cell : /home/michal/dataset/cells/monika_sim_3044/testing/rbc163_data_sim3048.dat  done
loading cell : /home/michal/dataset/cells/monika_sim_3044/testing/rbc119_data_sim3048.dat  done
loading cell : /home/michal/dataset/cells/monika_sim_3044/testing/rbc37_data_sim3048.dat  done
loading cell : /home/michal/dataset/cells/monika_sim_3044/testing/rbc0_data_sim3048.dat  done
loading cell : /home/michal/dataset/cells/monika_sim_3044/testing/rbc27_data_sim3048.dat  done
loading cell : /home/michal/dataset/cells/monika_sim_3044/testing/rbc96_data_sim3048.dat  done
loading cell : /home/michal/dataset/cells/monika_sim_3044/testing/rbc40_data_sim3048.dat  done
loading cell : /home/michal/dataset/cells/monika_sim_3044/testing/rbc66_data_sim3048.dat  done
loading cell : /home/michal/dataset/cells/monika_sim_3044/testing/rbc84_data_sim3048.dat  done
loading cell : /home/michal/dataset/cells/monika_sim_3044/testing/rbc13_data_sim3048.dat  done
loading cell : /home/michal/dataset/cells/monika_sim_3044/testing/rbc85_data_sim3048.dat  done
loading cell : /home/michal/dataset/cells/monika_sim_3044/testing/rbc122_data_sim3048.dat  done
loading cell : /home/michal/dataset/cells/monika_sim_3044/testing/rbc47_data_sim3048.dat  done
loading cell : /home/michal/dataset/cells/monika_sim_3044/testing/rbc54_data_sim3048.dat  done
loading cell : /home/michal/dataset/cells/monika_sim_3044/testing/rbc20_data_sim3048.dat  done
loading cell : /home/michal/dataset/cells/monika_sim_3044/testing/rbc101_data_sim3048.dat  done
loading cell : /home/michal/dataset/cells/monika_sim_3044/testing/rbc158_data_sim3048.dat  done
loading cell : /home/michal/dataset/cells/monika_sim_3044/testing/rbc19_data_sim3048.dat  done
loading cell : /home/michal/dataset/cells/monika_sim_3044/testing/rbc133_data_sim3048.dat  done
loading cell : /home/michal/dataset/cells/monika_sim_3044/testing/rbc108_data_sim3048.dat  done
loading cell : /home/michal/dataset/cells/monika_sim_3044/testing/rbc75_data_sim3048.dat  done
loading cell : /home/michal/dataset/cells/monika_sim_3044/testing/rbc129_data_sim3048.dat  done
loading cell : /home/michal/dataset/cells/monika_sim_3044/testing/rbc160_data_sim3048.dat  done
loading cell : /home/michal/dataset/cells/monika_sim_3044/testing/rbc99_data_sim3048.dat  done
loading cell : /home/michal/dataset/cells/monika_sim_3044/testing/rbc6_data_sim3048.dat  done
loading cell : /home/michal/dataset/cells/monika_sim_3044/testing/rbc131_data_sim3048.dat  done
loading cell : /home/michal/dataset/cells/monika_sim_3044/testing/rbc39_data_sim3048.dat  done
loading cell : /home/michal/dataset/cells/monika_sim_3044/testing/rbc120_data_sim3048.dat  done
loading cell : /home/michal/dataset/cells/monika_sim_3044/testing/rbc107_data_sim3048.dat  done
loading cell : /home/michal/dataset/cells/monika_sim_3044/testing/rbc50_data_sim3048.dat  done
loading cell : /home/michal/dataset/cells/monika_sim_3044/testing/rbc153_data_sim3048.dat  done
loading cell : /home/michal/dataset/cells/monika_sim_3044/testing/rbc132_data_sim3048.dat  done
loading cell : /home/michal/dataset/cells/monika_sim_3044/testing/rbc164_data_sim3048.dat  done
loading cell : /home/michal/dataset/cells/monika_sim_3044/testing/rbc145_data_sim3048.dat  done
loading cell : /home/michal/dataset/cells/monika_sim_3044/testing/rbc112_data_sim3048.dat  done
loading cell : /home/michal/dataset/cells/monika_sim_3044/testing/rbc100_data_sim3048.dat  done
loading cell : /home/michal/dataset/cells/monika_sim_3044/testing/rbc29_data_sim3048.dat  done
loading cell : /home/michal/dataset/cells/monika_sim_3044/testing/rbc146_data_sim3048.dat  done
loading cell : /home/michal/dataset/cells/monika_sim_3044/testing/rbc175_data_sim3048.dat  done
loading cell : /home/michal/dataset/cells/monika_sim_3044/testing/rbc3_data_sim3048.dat  done
training items 177


loading testing
loading cell : /home/michal/dataset/cells/monika_sim_3044/testing/rbc41_data_sim3048.dat  done
loading cell : /home/michal/dataset/cells/monika_sim_3044/testing/rbc90_data_sim3048.dat  done
loading cell : /home/michal/dataset/cells/monika_sim_3044/testing/rbc21_data_sim3048.dat  done
loading cell : /home/michal/dataset/cells/monika_sim_3044/testing/rbc72_data_sim3048.dat  done
loading cell : /home/michal/dataset/cells/monika_sim_3044/testing/rbc26_data_sim3048.dat  done
loading cell : /home/michal/dataset/cells/monika_sim_3044/testing/rbc135_data_sim3048.dat  done
loading cell : /home/michal/dataset/cells/monika_sim_3044/testing/rbc55_data_sim3048.dat  done
loading cell : /home/michal/dataset/cells/monika_sim_3044/testing/rbc34_data_sim3048.dat  done
loading cell : /home/michal/dataset/cells/monika_sim_3044/testing/rbc58_data_sim3048.dat  done
loading cell : /home/michal/dataset/cells/monika_sim_3044/testing/rbc128_data_sim3048.dat  done
loading cell : /home/michal/dataset/cells/monika_sim_3044/testing/rbc28_data_sim3048.dat  done
loading cell : /home/michal/dataset/cells/monika_sim_3044/testing/rbc61_data_sim3048.dat  done
loading cell : /home/michal/dataset/cells/monika_sim_3044/testing/rbc117_data_sim3048.dat  done
loading cell : /home/michal/dataset/cells/monika_sim_3044/testing/rbc32_data_sim3048.dat  done
loading cell : /home/michal/dataset/cells/monika_sim_3044/testing/rbc5_data_sim3048.dat  done
loading cell : /home/michal/dataset/cells/monika_sim_3044/testing/rbc4_data_sim3048.dat  done
loading cell : /home/michal/dataset/cells/monika_sim_3044/testing/rbc56_data_sim3048.dat  done
loading cell : /home/michal/dataset/cells/monika_sim_3044/testing/rbc73_data_sim3048.dat  done
loading cell : /home/michal/dataset/cells/monika_sim_3044/testing/rbc10_data_sim3048.dat  done
loading cell : /home/michal/dataset/cells/monika_sim_3044/testing/rbc97_data_sim3048.dat  done
loading cell : /home/michal/dataset/cells/monika_sim_3044/testing/rbc167_data_sim3048.dat  done
loading cell : /home/michal/dataset/cells/monika_sim_3044/testing/rbc70_data_sim3048.dat  done
loading cell : /home/michal/dataset/cells/monika_sim_3044/testing/rbc59_data_sim3048.dat  done
loading cell : /home/michal/dataset/cells/monika_sim_3044/testing/rbc118_data_sim3048.dat  done
loading cell : /home/michal/dataset/cells/monika_sim_3044/testing/rbc169_data_sim3048.dat  done
loading cell : /home/michal/dataset/cells/monika_sim_3044/testing/rbc155_data_sim3048.dat  done
loading cell : /home/michal/dataset/cells/monika_sim_3044/testing/rbc165_data_sim3048.dat  done
loading cell : /home/michal/dataset/cells/monika_sim_3044/testing/rbc109_data_sim3048.dat  done
loading cell : /home/michal/dataset/cells/monika_sim_3044/testing/rbc24_data_sim3048.dat  done
loading cell : /home/michal/dataset/cells/monika_sim_3044/testing/rbc151_data_sim3048.dat  done
loading cell : /home/michal/dataset/cells/monika_sim_3044/testing/rbc60_data_sim3048.dat  done
loading cell : /home/michal/dataset/cells/monika_sim_3044/testing/rbc116_data_sim3048.dat  done
loading cell : /home/michal/dataset/cells/monika_sim_3044/testing/rbc80_data_sim3048.dat  done
loading cell : /home/michal/dataset/cells/monika_sim_3044/testing/rbc76_data_sim3048.dat  done
loading cell : /home/michal/dataset/cells/monika_sim_3044/testing/rbc142_data_sim3048.dat  done
loading cell : /home/michal/dataset/cells/monika_sim_3044/testing/rbc171_data_sim3048.dat  done
loading cell : /home/michal/dataset/cells/monika_sim_3044/testing/rbc46_data_sim3048.dat  done
loading cell : /home/michal/dataset/cells/monika_sim_3044/testing/rbc7_data_sim3048.dat  done
loading cell : /home/michal/dataset/cells/monika_sim_3044/testing/rbc83_data_sim3048.dat  done
loading cell : /home/michal/dataset/cells/monika_sim_3044/testing/rbc22_data_sim3048.dat  done
loading cell : /home/michal/dataset/cells/monika_sim_3044/testing/rbc2_data_sim3048.dat  done
loading cell : /home/michal/dataset/cells/monika_sim_3044/testing/rbc149_data_sim3048.dat  done
loading cell : /home/michal/dataset/cells/monika_sim_3044/testing/rbc38_data_sim3048.dat  done
loading cell : /home/michal/dataset/cells/monika_sim_3044/testing/rbc51_data_sim3048.dat  done
loading cell : /home/michal/dataset/cells/monika_sim_3044/testing/rbc64_data_sim3048.dat  done
loading cell : /home/michal/dataset/cells/monika_sim_3044/testing/rbc11_data_sim3048.dat  done
loading cell : /home/michal/dataset/cells/monika_sim_3044/testing/rbc17_data_sim3048.dat  done
loading cell : /home/michal/dataset/cells/monika_sim_3044/testing/rbc95_data_sim3048.dat  done
loading cell : /home/michal/dataset/cells/monika_sim_3044/testing/rbc16_data_sim3048.dat  done
loading cell : /home/michal/dataset/cells/monika_sim_3044/testing/rbc92_data_sim3048.dat  done
loading cell : /home/michal/dataset/cells/monika_sim_3044/testing/rbc106_data_sim3048.dat  done
loading cell : /home/michal/dataset/cells/monika_sim_3044/testing/rbc67_data_sim3048.dat  done
loading cell : /home/michal/dataset/cells/monika_sim_3044/testing/rbc103_data_sim3048.dat  done
loading cell : /home/michal/dataset/cells/monika_sim_3044/testing/rbc45_data_sim3048.dat  done
loading cell : /home/michal/dataset/cells/monika_sim_3044/testing/rbc93_data_sim3048.dat  done
loading cell : /home/michal/dataset/cells/monika_sim_3044/testing/rbc152_data_sim3048.dat  done
loading cell : /home/michal/dataset/cells/monika_sim_3044/testing/rbc170_data_sim3048.dat  done
loading cell : /home/michal/dataset/cells/monika_sim_3044/testing/rbc136_data_sim3048.dat  done
loading cell : /home/michal/dataset/cells/monika_sim_3044/testing/rbc62_data_sim3048.dat  done
loading cell : /home/michal/dataset/cells/monika_sim_3044/testing/rbc147_data_sim3048.dat  done
loading cell : /home/michal/dataset/cells/monika_sim_3044/testing/rbc44_data_sim3048.dat  done
loading cell : /home/michal/dataset/cells/monika_sim_3044/testing/rbc124_data_sim3048.dat  done
loading cell : /home/michal/dataset/cells/monika_sim_3044/testing/rbc173_data_sim3048.dat  done
loading cell : /home/michal/dataset/cells/monika_sim_3044/testing/rbc121_data_sim3048.dat  done
loading cell : /home/michal/dataset/cells/monika_sim_3044/testing/rbc89_data_sim3048.dat  done
loading cell : /home/michal/dataset/cells/monika_sim_3044/testing/rbc137_data_sim3048.dat  done
loading cell : /home/michal/dataset/cells/monika_sim_3044/testing/rbc105_data_sim3048.dat  done
loading cell : /home/michal/dataset/cells/monika_sim_3044/testing/rbc141_data_sim3048.dat  done
loading cell : /home/michal/dataset/cells/monika_sim_3044/testing/rbc144_data_sim3048.dat  done
loading cell : /home/michal/dataset/cells/monika_sim_3044/testing/rbc30_data_sim3048.dat  done
loading cell : /home/michal/dataset/cells/monika_sim_3044/testing/rbc52_data_sim3048.dat  done
loading cell : /home/michal/dataset/cells/monika_sim_3044/testing/rbc91_data_sim3048.dat  done
loading cell : /home/michal/dataset/cells/monika_sim_3044/testing/rbc8_data_sim3048.dat  done
loading cell : /home/michal/dataset/cells/monika_sim_3044/testing/rbc104_data_sim3048.dat  done
loading cell : /home/michal/dataset/cells/monika_sim_3044/testing/rbc57_data_sim3048.dat  done
loading cell : /home/michal/dataset/cells/monika_sim_3044/testing/rbc168_data_sim3048.dat  done
loading cell : /home/michal/dataset/cells/monika_sim_3044/testing/rbc36_data_sim3048.dat  done
loading cell : /home/michal/dataset/cells/monika_sim_3044/testing/rbc126_data_sim3048.dat  done
loading cell : /home/michal/dataset/cells/monika_sim_3044/testing/rbc74_data_sim3048.dat  done
loading cell : /home/michal/dataset/cells/monika_sim_3044/testing/rbc115_data_sim3048.dat  done
loading cell : /home/michal/dataset/cells/monika_sim_3044/testing/rbc154_data_sim3048.dat  done
loading cell : /home/michal/dataset/cells/monika_sim_3044/testing/rbc138_data_sim3048.dat  done
loading cell : /home/michal/dataset/cells/monika_sim_3044/testing/rbc172_data_sim3048.dat  done
loading cell : /home/michal/dataset/cells/monika_sim_3044/testing/rbc48_data_sim3048.dat  done
loading cell : /home/michal/dataset/cells/monika_sim_3044/testing/rbc157_data_sim3048.dat  done
loading cell : /home/michal/dataset/cells/monika_sim_3044/testing/rbc159_data_sim3048.dat  done
loading cell : /home/michal/dataset/cells/monika_sim_3044/testing/rbc53_data_sim3048.dat  done
loading cell : /home/michal/dataset/cells/monika_sim_3044/testing/rbc134_data_sim3048.dat  done
loading cell : /home/michal/dataset/cells/monika_sim_3044/testing/rbc15_data_sim3048.dat  done
loading cell : /home/michal/dataset/cells/monika_sim_3044/testing/rbc123_data_sim3048.dat  done
loading cell : /home/michal/dataset/cells/monika_sim_3044/testing/rbc139_data_sim3048.dat  done
loading cell : /home/michal/dataset/cells/monika_sim_3044/testing/rbc102_data_sim3048.dat  done
loading cell : /home/michal/dataset/cells/monika_sim_3044/testing/rbc110_data_sim3048.dat  done
loading cell : /home/michal/dataset/cells/monika_sim_3044/testing/rbc174_data_sim3048.dat  done
loading cell : /home/michal/dataset/cells/monika_sim_3044/testing/rbc111_data_sim3048.dat  done
loading cell : /home/michal/dataset/cells/monika_sim_3044/testing/rbc14_data_sim3048.dat  done
loading cell : /home/michal/dataset/cells/monika_sim_3044/testing/rbc69_data_sim3048.dat  done
loading cell : /home/michal/dataset/cells/monika_sim_3044/testing/rbc25_data_sim3048.dat  done
loading cell : /home/michal/dataset/cells/monika_sim_3044/testing/rbc176_data_sim3048.dat  done
loading cell : /home/michal/dataset/cells/monika_sim_3044/testing/rbc77_data_sim3048.dat  done
loading cell : /home/michal/dataset/cells/monika_sim_3044/testing/rbc79_data_sim3048.dat  done
loading cell : /home/michal/dataset/cells/monika_sim_3044/testing/rbc150_data_sim3048.dat  done
loading cell : /home/michal/dataset/cells/monika_sim_3044/testing/rbc18_data_sim3048.dat  done
loading cell : /home/michal/dataset/cells/monika_sim_3044/testing/rbc82_data_sim3048.dat  done
loading cell : /home/michal/dataset/cells/monika_sim_3044/testing/rbc166_data_sim3048.dat  done
loading cell : /home/michal/dataset/cells/monika_sim_3044/testing/rbc12_data_sim3048.dat  done
loading cell : /home/michal/dataset/cells/monika_sim_3044/testing/rbc98_data_sim3048.dat  done
loading cell : /home/michal/dataset/cells/monika_sim_3044/testing/rbc42_data_sim3048.dat  done
loading cell : /home/michal/dataset/cells/monika_sim_3044/testing/rbc140_data_sim3048.dat  done
loading cell : /home/michal/dataset/cells/monika_sim_3044/testing/rbc9_data_sim3048.dat  done
loading cell : /home/michal/dataset/cells/monika_sim_3044/testing/rbc94_data_sim3048.dat  done
loading cell : /home/michal/dataset/cells/monika_sim_3044/testing/rbc130_data_sim3048.dat  done
loading cell : /home/michal/dataset/cells/monika_sim_3044/testing/rbc81_data_sim3048.dat  done
loading cell : /home/michal/dataset/cells/monika_sim_3044/testing/rbc162_data_sim3048.dat  done
loading cell : /home/michal/dataset/cells/monika_sim_3044/testing/rbc1_data_sim3048.dat  done
loading cell : /home/michal/dataset/cells/monika_sim_3044/testing/rbc43_data_sim3048.dat  done
loading cell : /home/michal/dataset/cells/monika_sim_3044/testing/rbc23_data_sim3048.dat  done
loading cell : /home/michal/dataset/cells/monika_sim_3044/testing/rbc31_data_sim3048.dat  done
loading cell : /home/michal/dataset/cells/monika_sim_3044/testing/rbc113_data_sim3048.dat  done
loading cell : /home/michal/dataset/cells/monika_sim_3044/testing/rbc143_data_sim3048.dat  done
loading cell : /home/michal/dataset/cells/monika_sim_3044/testing/rbc127_data_sim3048.dat  done
loading cell : /home/michal/dataset/cells/monika_sim_3044/testing/rbc33_data_sim3048.dat  done
loading cell : /home/michal/dataset/cells/monika_sim_3044/testing/rbc148_data_sim3048.dat  done
loading cell : /home/michal/dataset/cells/monika_sim_3044/testing/rbc63_data_sim3048.dat  done
loading cell : /home/michal/dataset/cells/monika_sim_3044/testing/rbc35_data_sim3048.dat  done
loading cell : /home/michal/dataset/cells/monika_sim_3044/testing/rbc114_data_sim3048.dat  done
loading cell : /home/michal/dataset/cells/monika_sim_3044/testing/rbc86_data_sim3048.dat  done
loading cell : /home/michal/dataset/cells/monika_sim_3044/testing/rbc125_data_sim3048.dat  done
loading cell : /home/michal/dataset/cells/monika_sim_3044/testing/rbc88_data_sim3048.dat  done
loading cell : /home/michal/dataset/cells/monika_sim_3044/testing/rbc156_data_sim3048.dat  done
loading cell : /home/michal/dataset/cells/monika_sim_3044/testing/rbc49_data_sim3048.dat  done
loading cell : /home/michal/dataset/cells/monika_sim_3044/testing/rbc78_data_sim3048.dat  done
loading cell : /home/michal/dataset/cells/monika_sim_3044/testing/rbc71_data_sim3048.dat  done
loading cell : /home/michal/dataset/cells/monika_sim_3044/testing/rbc87_data_sim3048.dat  done
loading cell : /home/michal/dataset/cells/monika_sim_3044/testing/rbc161_data_sim3048.dat  done
loading cell : /home/michal/dataset/cells/monika_sim_3044/testing/rbc68_data_sim3048.dat  done
loading cell : /home/michal/dataset/cells/monika_sim_3044/testing/rbc65_data_sim3048.dat  done
loading cell : /home/michal/dataset/cells/monika_sim_3044/testing/rbc163_data_sim3048.dat  done
loading cell : /home/michal/dataset/cells/monika_sim_3044/testing/rbc119_data_sim3048.dat  done
loading cell : /home/michal/dataset/cells/monika_sim_3044/testing/rbc37_data_sim3048.dat  done
loading cell : /home/michal/dataset/cells/monika_sim_3044/testing/rbc0_data_sim3048.dat  done
loading cell : /home/michal/dataset/cells/monika_sim_3044/testing/rbc27_data_sim3048.dat  done
loading cell : /home/michal/dataset/cells/monika_sim_3044/testing/rbc96_data_sim3048.dat  done
loading cell : /home/michal/dataset/cells/monika_sim_3044/testing/rbc40_data_sim3048.dat  done
loading cell : /home/michal/dataset/cells/monika_sim_3044/testing/rbc66_data_sim3048.dat  done
loading cell : /home/michal/dataset/cells/monika_sim_3044/testing/rbc84_data_sim3048.dat  done
loading cell : /home/michal/dataset/cells/monika_sim_3044/testing/rbc13_data_sim3048.dat  done
loading cell : /home/michal/dataset/cells/monika_sim_3044/testing/rbc85_data_sim3048.dat  done
loading cell : /home/michal/dataset/cells/monika_sim_3044/testing/rbc122_data_sim3048.dat  done
loading cell : /home/michal/dataset/cells/monika_sim_3044/testing/rbc47_data_sim3048.dat  done
loading cell : /home/michal/dataset/cells/monika_sim_3044/testing/rbc54_data_sim3048.dat  done
loading cell : /home/michal/dataset/cells/monika_sim_3044/testing/rbc20_data_sim3048.dat  done
loading cell : /home/michal/dataset/cells/monika_sim_3044/testing/rbc101_data_sim3048.dat  done
loading cell : /home/michal/dataset/cells/monika_sim_3044/testing/rbc158_data_sim3048.dat  done
loading cell : /home/michal/dataset/cells/monika_sim_3044/testing/rbc19_data_sim3048.dat  done
loading cell : /home/michal/dataset/cells/monika_sim_3044/testing/rbc133_data_sim3048.dat  done
loading cell : /home/michal/dataset/cells/monika_sim_3044/testing/rbc108_data_sim3048.dat  done
loading cell : /home/michal/dataset/cells/monika_sim_3044/testing/rbc75_data_sim3048.dat  done
loading cell : /home/michal/dataset/cells/monika_sim_3044/testing/rbc129_data_sim3048.dat  done
loading cell : /home/michal/dataset/cells/monika_sim_3044/testing/rbc160_data_sim3048.dat  done
loading cell : /home/michal/dataset/cells/monika_sim_3044/testing/rbc99_data_sim3048.dat  done
loading cell : /home/michal/dataset/cells/monika_sim_3044/testing/rbc6_data_sim3048.dat  done
loading cell : /home/michal/dataset/cells/monika_sim_3044/testing/rbc131_data_sim3048.dat  done
loading cell : /home/michal/dataset/cells/monika_sim_3044/testing/rbc39_data_sim3048.dat  done
loading cell : /home/michal/dataset/cells/monika_sim_3044/testing/rbc120_data_sim3048.dat  done
loading cell : /home/michal/dataset/cells/monika_sim_3044/testing/rbc107_data_sim3048.dat  done
loading cell : /home/michal/dataset/cells/monika_sim_3044/testing/rbc50_data_sim3048.dat  done
loading cell : /home/michal/dataset/cells/monika_sim_3044/testing/rbc153_data_sim3048.dat  done
loading cell : /home/michal/dataset/cells/monika_sim_3044/testing/rbc132_data_sim3048.dat  done
loading cell : /home/michal/dataset/cells/monika_sim_3044/testing/rbc164_data_sim3048.dat  done
loading cell : /home/michal/dataset/cells/monika_sim_3044/testing/rbc145_data_sim3048.dat  done
loading cell : /home/michal/dataset/cells/monika_sim_3044/testing/rbc112_data_sim3048.dat  done
loading cell : /home/michal/dataset/cells/monika_sim_3044/testing/rbc100_data_sim3048.dat  done
loading cell : /home/michal/dataset/cells/monika_sim_3044/testing/rbc29_data_sim3048.dat  done
loading cell : /home/michal/dataset/cells/monika_sim_3044/testing/rbc146_data_sim3048.dat  done
loading cell : /home/michal/dataset/cells/monika_sim_3044/testing/rbc175_data_sim3048.dat  done
loading cell : /home/michal/dataset/cells/monika_sim_3044/testing/rbc3_data_sim3048.dat  done
testing items 177


position range : 3.906546 5.391729 5.846594  : 1596.728394 34.783936 34.122169
speed range : 0.000000 -0.016661 -0.016249  : 0.721229 0.018136 0.017977
CellsLoad uninit done
