CellsLoad initializing


loading training
loading cell : /home/michal/dataset/cells/monika_sim_3044/training/rbc87_data_sim3044.dat  done
loading cell : /home/michal/dataset/cells/monika_sim_3044/training/rbc26_data_sim3044.dat  done
loading cell : /home/michal/dataset/cells/monika_sim_3044/training/rbc23_data_sim3044.dat  done
loading cell : /home/michal/dataset/cells/monika_sim_3044/training/rbc62_data_sim3044.dat  done
loading cell : /home/michal/dataset/cells/monika_sim_3044/training/rbc92_data_sim3044.dat  done
loading cell : /home/michal/dataset/cells/monika_sim_3044/training/rbc90_data_sim3044.dat  done
loading cell : /home/michal/dataset/cells/monika_sim_3044/training/rbc36_data_sim3044.dat  done
loading cell : /home/michal/dataset/cells/monika_sim_3044/training/rbc40_data_sim3044.dat  done
loading cell : /home/michal/dataset/cells/monika_sim_3044/training/rbc72_data_sim3044.dat  done
loading cell : /home/michal/dataset/cells/monika_sim_3044/training/rbc19_data_sim3044.dat  done
loading cell : /home/michal/dataset/cells/monika_sim_3044/training/rbc33_data_sim3044.dat  done
loading cell : /home/michal/dataset/cells/monika_sim_3044/training/rbc41_data_sim3044.dat  done
loading cell : /home/michal/dataset/cells/monika_sim_3044/training/rbc10_data_sim3044.dat  done
loading cell : /home/michal/dataset/cells/monika_sim_3044/training/rbc70_data_sim3044.dat  done
loading cell : /home/michal/dataset/cells/monika_sim_3044/training/rbc4_data_sim3044.dat  done
loading cell : /home/michal/dataset/cells/monika_sim_3044/training/rbc12_data_sim3044.dat  done
loading cell : /home/michal/dataset/cells/monika_sim_3044/training/rbc17_data_sim3044.dat  done
loading cell : /home/michal/dataset/cells/monika_sim_3044/training/rbc58_data_sim3044.dat  done
loading cell : /home/michal/dataset/cells/monika_sim_3044/training/rbc5_data_sim3044.dat  done
loading cell : /home/michal/dataset/cells/monika_sim_3044/training/rbc15_data_sim3044.dat  done
loading cell : /home/michal/dataset/cells/monika_sim_3044/training/rbc63_data_sim3044.dat  done
loading cell : /home/michal/dataset/cells/monika_sim_3044/training/rbc94_data_sim3044.dat  done
loading cell : /home/michal/dataset/cells/monika_sim_3044/training/rbc69_data_sim3044.dat  done
loading cell : /home/michal/dataset/cells/monika_sim_3044/training/rbc88_data_sim3044.dat  done
loading cell : /home/michal/dataset/cells/monika_sim_3044/training/rbc8_data_sim3044.dat  done
loading cell : /home/michal/dataset/cells/monika_sim_3044/training/rbc81_data_sim3044.dat  done
loading cell : /home/michal/dataset/cells/monika_sim_3044/training/rbc95_data_sim3044.dat  done
loading cell : /home/michal/dataset/cells/monika_sim_3044/training/rbc44_data_sim3044.dat  done
loading cell : /home/michal/dataset/cells/monika_sim_3044/training/rbc82_data_sim3044.dat  done
loading cell : /home/michal/dataset/cells/monika_sim_3044/training/rbc73_data_sim3044.dat  done
loading cell : /home/michal/dataset/cells/monika_sim_3044/training/rbc20_data_sim3044.dat  done
loading cell : /home/michal/dataset/cells/monika_sim_3044/training/rbc14_data_sim3044.dat  done
loading cell : /home/michal/dataset/cells/monika_sim_3044/training/rbc0_data_sim3044.dat  done
loading cell : /home/michal/dataset/cells/monika_sim_3044/training/rbc22_data_sim3044.dat  done
loading cell : /home/michal/dataset/cells/monika_sim_3044/training/rbc68_data_sim3044.dat  done
loading cell : /home/michal/dataset/cells/monika_sim_3044/training/rbc84_data_sim3044.dat  done
loading cell : /home/michal/dataset/cells/monika_sim_3044/training/rbc89_data_sim3044.dat  done
loading cell : /home/michal/dataset/cells/monika_sim_3044/training/rbc7_data_sim3044.dat  done
loading cell : /home/michal/dataset/cells/monika_sim_3044/training/rbc56_data_sim3044.dat  done
loading cell : /home/michal/dataset/cells/monika_sim_3044/training/rbc61_data_sim3044.dat  done
loading cell : /home/michal/dataset/cells/monika_sim_3044/training/rbc39_data_sim3044.dat  done
loading cell : /home/michal/dataset/cells/monika_sim_3044/training/rbc27_data_sim3044.dat  done
loading cell : /home/michal/dataset/cells/monika_sim_3044/training/rbc6_data_sim3044.dat  done
loading cell : /home/michal/dataset/cells/monika_sim_3044/training/rbc64_data_sim3044.dat  done
loading cell : /home/michal/dataset/cells/monika_sim_3044/training/rbc71_data_sim3044.dat  done
loading cell : /home/michal/dataset/cells/monika_sim_3044/training/rbc11_data_sim3044.dat  done
loading cell : /home/michal/dataset/cells/monika_sim_3044/training/rbc57_data_sim3044.dat  done
loading cell : /home/michal/dataset/cells/monika_sim_3044/training/rbc77_data_sim3044.dat  done
loading cell : /home/michal/dataset/cells/monika_sim_3044/training/rbc99_data_sim3044.dat  done
loading cell : /home/michal/dataset/cells/monika_sim_3044/training/rbc29_data_sim3044.dat  done
loading cell : /home/michal/dataset/cells/monika_sim_3044/training/rbc2_data_sim3044.dat  done
loading cell : /home/michal/dataset/cells/monika_sim_3044/training/rbc3_data_sim3044.dat  done
loading cell : /home/michal/dataset/cells/monika_sim_3044/training/rbc53_data_sim3044.dat  done
loading cell : /home/michal/dataset/cells/monika_sim_3044/training/rbc97_data_sim3044.dat  done
loading cell : /home/michal/dataset/cells/monika_sim_3044/training/rbc47_data_sim3044.dat  done
loading cell : /home/michal/dataset/cells/monika_sim_3044/training/rbc48_data_sim3044.dat  done
loading cell : /home/michal/dataset/cells/monika_sim_3044/training/rbc96_data_sim3044.dat  done
loading cell : /home/michal/dataset/cells/monika_sim_3044/training/rbc80_data_sim3044.dat  done
loading cell : /home/michal/dataset/cells/monika_sim_3044/training/rbc30_data_sim3044.dat  done
loading cell : /home/michal/dataset/cells/monika_sim_3044/training/rbc49_data_sim3044.dat  done
loading cell : /home/michal/dataset/cells/monika_sim_3044/training/rbc16_data_sim3044.dat  done
loading cell : /home/michal/dataset/cells/monika_sim_3044/training/rbc78_data_sim3044.dat  done
loading cell : /home/michal/dataset/cells/monika_sim_3044/training/rbc35_data_sim3044.dat  done
loading cell : /home/michal/dataset/cells/monika_sim_3044/training/rbc32_data_sim3044.dat  done
loading cell : /home/michal/dataset/cells/monika_sim_3044/training/rbc42_data_sim3044.dat  done
loading cell : /home/michal/dataset/cells/monika_sim_3044/training/rbc37_data_sim3044.dat  done
loading cell : /home/michal/dataset/cells/monika_sim_3044/training/rbc76_data_sim3044.dat  done
loading cell : /home/michal/dataset/cells/monika_sim_3044/training/rbc85_data_sim3044.dat  done
loading cell : /home/michal/dataset/cells/monika_sim_3044/training/rbc55_data_sim3044.dat  done
loading cell : /home/michal/dataset/cells/monika_sim_3044/training/rbc91_data_sim3044.dat  done
loading cell : /home/michal/dataset/cells/monika_sim_3044/training/rbc43_data_sim3044.dat  done
loading cell : /home/michal/dataset/cells/monika_sim_3044/training/rbc93_data_sim3044.dat  done
loading cell : /home/michal/dataset/cells/monika_sim_3044/training/rbc74_data_sim3044.dat  done
loading cell : /home/michal/dataset/cells/monika_sim_3044/training/rbc54_data_sim3044.dat  done
loading cell : /home/michal/dataset/cells/monika_sim_3044/training/rbc13_data_sim3044.dat  done
loading cell : /home/michal/dataset/cells/monika_sim_3044/training/rbc86_data_sim3044.dat  done
loading cell : /home/michal/dataset/cells/monika_sim_3044/training/rbc51_data_sim3044.dat  done
loading cell : /home/michal/dataset/cells/monika_sim_3044/training/rbc52_data_sim3044.dat  done
loading cell : /home/michal/dataset/cells/monika_sim_3044/training/rbc75_data_sim3044.dat  done
loading cell : /home/michal/dataset/cells/monika_sim_3044/training/rbc50_data_sim3044.dat  done
loading cell : /home/michal/dataset/cells/monika_sim_3044/training/rbc59_data_sim3044.dat  done
loading cell : /home/michal/dataset/cells/monika_sim_3044/training/rbc66_data_sim3044.dat  done
loading cell : /home/michal/dataset/cells/monika_sim_3044/training/rbc65_data_sim3044.dat  done
loading cell : /home/michal/dataset/cells/monika_sim_3044/training/rbc24_data_sim3044.dat  done
loading cell : /home/michal/dataset/cells/monika_sim_3044/training/rbc67_data_sim3044.dat  done
loading cell : /home/michal/dataset/cells/monika_sim_3044/training/rbc83_data_sim3044.dat  done
loading cell : /home/michal/dataset/cells/monika_sim_3044/training/rbc60_data_sim3044.dat  done
loading cell : /home/michal/dataset/cells/monika_sim_3044/training/rbc46_data_sim3044.dat  done
loading cell : /home/michal/dataset/cells/monika_sim_3044/training/rbc31_data_sim3044.dat  done
loading cell : /home/michal/dataset/cells/monika_sim_3044/training/rbc34_data_sim3044.dat  done
loading cell : /home/michal/dataset/cells/monika_sim_3044/training/rbc79_data_sim3044.dat  done
loading cell : /home/michal/dataset/cells/monika_sim_3044/training/rbc1_data_sim3044.dat  done
loading cell : /home/michal/dataset/cells/monika_sim_3044/training/rbc18_data_sim3044.dat  done
loading cell : /home/michal/dataset/cells/monika_sim_3044/training/rbc98_data_sim3044.dat  done
loading cell : /home/michal/dataset/cells/monika_sim_3044/training/rbc25_data_sim3044.dat  done
loading cell : /home/michal/dataset/cells/monika_sim_3044/training/rbc21_data_sim3044.dat  done
loading cell : /home/michal/dataset/cells/monika_sim_3044/training/rbc28_data_sim3044.dat  done
loading cell : /home/michal/dataset/cells/monika_sim_3044/training/rbc9_data_sim3044.dat  done
loading cell : /home/michal/dataset/cells/monika_sim_3044/training/rbc38_data_sim3044.dat  done
loading cell : /home/michal/dataset/cells/monika_sim_3044/training/rbc45_data_sim3044.dat  done
training items 100


loading testing
loading cell : /home/michal/dataset/cells/monika_sim_3044/training/rbc87_data_sim3044.dat  done
loading cell : /home/michal/dataset/cells/monika_sim_3044/training/rbc26_data_sim3044.dat  done
loading cell : /home/michal/dataset/cells/monika_sim_3044/training/rbc23_data_sim3044.dat  done
loading cell : /home/michal/dataset/cells/monika_sim_3044/training/rbc62_data_sim3044.dat  done
loading cell : /home/michal/dataset/cells/monika_sim_3044/training/rbc92_data_sim3044.dat  done
loading cell : /home/michal/dataset/cells/monika_sim_3044/training/rbc90_data_sim3044.dat  done
loading cell : /home/michal/dataset/cells/monika_sim_3044/training/rbc36_data_sim3044.dat  done
loading cell : /home/michal/dataset/cells/monika_sim_3044/training/rbc40_data_sim3044.dat  done
loading cell : /home/michal/dataset/cells/monika_sim_3044/training/rbc72_data_sim3044.dat  done
loading cell : /home/michal/dataset/cells/monika_sim_3044/training/rbc19_data_sim3044.dat  done
loading cell : /home/michal/dataset/cells/monika_sim_3044/training/rbc33_data_sim3044.dat  done
loading cell : /home/michal/dataset/cells/monika_sim_3044/training/rbc41_data_sim3044.dat  done
loading cell : /home/michal/dataset/cells/monika_sim_3044/training/rbc10_data_sim3044.dat  done
loading cell : /home/michal/dataset/cells/monika_sim_3044/training/rbc70_data_sim3044.dat  done
loading cell : /home/michal/dataset/cells/monika_sim_3044/training/rbc4_data_sim3044.dat  done
loading cell : /home/michal/dataset/cells/monika_sim_3044/training/rbc12_data_sim3044.dat  done
loading cell : /home/michal/dataset/cells/monika_sim_3044/training/rbc17_data_sim3044.dat  done
loading cell : /home/michal/dataset/cells/monika_sim_3044/training/rbc58_data_sim3044.dat  done
loading cell : /home/michal/dataset/cells/monika_sim_3044/training/rbc5_data_sim3044.dat  done
loading cell : /home/michal/dataset/cells/monika_sim_3044/training/rbc15_data_sim3044.dat  done
loading cell : /home/michal/dataset/cells/monika_sim_3044/training/rbc63_data_sim3044.dat  done
loading cell : /home/michal/dataset/cells/monika_sim_3044/training/rbc94_data_sim3044.dat  done
loading cell : /home/michal/dataset/cells/monika_sim_3044/training/rbc69_data_sim3044.dat  done
loading cell : /home/michal/dataset/cells/monika_sim_3044/training/rbc88_data_sim3044.dat  done
loading cell : /home/michal/dataset/cells/monika_sim_3044/training/rbc8_data_sim3044.dat  done
loading cell : /home/michal/dataset/cells/monika_sim_3044/training/rbc81_data_sim3044.dat  done
loading cell : /home/michal/dataset/cells/monika_sim_3044/training/rbc95_data_sim3044.dat  done
loading cell : /home/michal/dataset/cells/monika_sim_3044/training/rbc44_data_sim3044.dat  done
loading cell : /home/michal/dataset/cells/monika_sim_3044/training/rbc82_data_sim3044.dat  done
loading cell : /home/michal/dataset/cells/monika_sim_3044/training/rbc73_data_sim3044.dat  done
loading cell : /home/michal/dataset/cells/monika_sim_3044/training/rbc20_data_sim3044.dat  done
loading cell : /home/michal/dataset/cells/monika_sim_3044/training/rbc14_data_sim3044.dat  done
loading cell : /home/michal/dataset/cells/monika_sim_3044/training/rbc0_data_sim3044.dat  done
loading cell : /home/michal/dataset/cells/monika_sim_3044/training/rbc22_data_sim3044.dat  done
loading cell : /home/michal/dataset/cells/monika_sim_3044/training/rbc68_data_sim3044.dat  done
loading cell : /home/michal/dataset/cells/monika_sim_3044/training/rbc84_data_sim3044.dat  done
loading cell : /home/michal/dataset/cells/monika_sim_3044/training/rbc89_data_sim3044.dat  done
loading cell : /home/michal/dataset/cells/monika_sim_3044/training/rbc7_data_sim3044.dat  done
loading cell : /home/michal/dataset/cells/monika_sim_3044/training/rbc56_data_sim3044.dat  done
loading cell : /home/michal/dataset/cells/monika_sim_3044/training/rbc61_data_sim3044.dat  done
loading cell : /home/michal/dataset/cells/monika_sim_3044/training/rbc39_data_sim3044.dat  done
loading cell : /home/michal/dataset/cells/monika_sim_3044/training/rbc27_data_sim3044.dat  done
loading cell : /home/michal/dataset/cells/monika_sim_3044/training/rbc6_data_sim3044.dat  done
loading cell : /home/michal/dataset/cells/monika_sim_3044/training/rbc64_data_sim3044.dat  done
loading cell : /home/michal/dataset/cells/monika_sim_3044/training/rbc71_data_sim3044.dat  done
loading cell : /home/michal/dataset/cells/monika_sim_3044/training/rbc11_data_sim3044.dat  done
loading cell : /home/michal/dataset/cells/monika_sim_3044/training/rbc57_data_sim3044.dat  done
loading cell : /home/michal/dataset/cells/monika_sim_3044/training/rbc77_data_sim3044.dat  done
loading cell : /home/michal/dataset/cells/monika_sim_3044/training/rbc99_data_sim3044.dat  done
loading cell : /home/michal/dataset/cells/monika_sim_3044/training/rbc29_data_sim3044.dat  done
loading cell : /home/michal/dataset/cells/monika_sim_3044/training/rbc2_data_sim3044.dat  done
loading cell : /home/michal/dataset/cells/monika_sim_3044/training/rbc3_data_sim3044.dat  done
loading cell : /home/michal/dataset/cells/monika_sim_3044/training/rbc53_data_sim3044.dat  done
loading cell : /home/michal/dataset/cells/monika_sim_3044/training/rbc97_data_sim3044.dat  done
loading cell : /home/michal/dataset/cells/monika_sim_3044/training/rbc47_data_sim3044.dat  done
loading cell : /home/michal/dataset/cells/monika_sim_3044/training/rbc48_data_sim3044.dat  done
loading cell : /home/michal/dataset/cells/monika_sim_3044/training/rbc96_data_sim3044.dat  done
loading cell : /home/michal/dataset/cells/monika_sim_3044/training/rbc80_data_sim3044.dat  done
loading cell : /home/michal/dataset/cells/monika_sim_3044/training/rbc30_data_sim3044.dat  done
loading cell : /home/michal/dataset/cells/monika_sim_3044/training/rbc49_data_sim3044.dat  done
loading cell : /home/michal/dataset/cells/monika_sim_3044/training/rbc16_data_sim3044.dat  done
loading cell : /home/michal/dataset/cells/monika_sim_3044/training/rbc78_data_sim3044.dat  done
loading cell : /home/michal/dataset/cells/monika_sim_3044/training/rbc35_data_sim3044.dat  done
loading cell : /home/michal/dataset/cells/monika_sim_3044/training/rbc32_data_sim3044.dat  done
loading cell : /home/michal/dataset/cells/monika_sim_3044/training/rbc42_data_sim3044.dat  done
loading cell : /home/michal/dataset/cells/monika_sim_3044/training/rbc37_data_sim3044.dat  done
loading cell : /home/michal/dataset/cells/monika_sim_3044/training/rbc76_data_sim3044.dat  done
loading cell : /home/michal/dataset/cells/monika_sim_3044/training/rbc85_data_sim3044.dat  done
loading cell : /home/michal/dataset/cells/monika_sim_3044/training/rbc55_data_sim3044.dat  done
loading cell : /home/michal/dataset/cells/monika_sim_3044/training/rbc91_data_sim3044.dat  done
loading cell : /home/michal/dataset/cells/monika_sim_3044/training/rbc43_data_sim3044.dat  done
loading cell : /home/michal/dataset/cells/monika_sim_3044/training/rbc93_data_sim3044.dat  done
loading cell : /home/michal/dataset/cells/monika_sim_3044/training/rbc74_data_sim3044.dat  done
loading cell : /home/michal/dataset/cells/monika_sim_3044/training/rbc54_data_sim3044.dat  done
loading cell : /home/michal/dataset/cells/monika_sim_3044/training/rbc13_data_sim3044.dat  done
loading cell : /home/michal/dataset/cells/monika_sim_3044/training/rbc86_data_sim3044.dat  done
loading cell : /home/michal/dataset/cells/monika_sim_3044/training/rbc51_data_sim3044.dat  done
loading cell : /home/michal/dataset/cells/monika_sim_3044/training/rbc52_data_sim3044.dat  done
loading cell : /home/michal/dataset/cells/monika_sim_3044/training/rbc75_data_sim3044.dat  done
loading cell : /home/michal/dataset/cells/monika_sim_3044/training/rbc50_data_sim3044.dat  done
loading cell : /home/michal/dataset/cells/monika_sim_3044/training/rbc59_data_sim3044.dat  done
loading cell : /home/michal/dataset/cells/monika_sim_3044/training/rbc66_data_sim3044.dat  done
loading cell : /home/michal/dataset/cells/monika_sim_3044/training/rbc65_data_sim3044.dat  done
loading cell : /home/michal/dataset/cells/monika_sim_3044/training/rbc24_data_sim3044.dat  done
loading cell : /home/michal/dataset/cells/monika_sim_3044/training/rbc67_data_sim3044.dat  done
loading cell : /home/michal/dataset/cells/monika_sim_3044/training/rbc83_data_sim3044.dat  done
loading cell : /home/michal/dataset/cells/monika_sim_3044/training/rbc60_data_sim3044.dat  done
loading cell : /home/michal/dataset/cells/monika_sim_3044/training/rbc46_data_sim3044.dat  done
loading cell : /home/michal/dataset/cells/monika_sim_3044/training/rbc31_data_sim3044.dat  done
loading cell : /home/michal/dataset/cells/monika_sim_3044/training/rbc34_data_sim3044.dat  done
loading cell : /home/michal/dataset/cells/monika_sim_3044/training/rbc79_data_sim3044.dat  done
loading cell : /home/michal/dataset/cells/monika_sim_3044/training/rbc1_data_sim3044.dat  done
loading cell : /home/michal/dataset/cells/monika_sim_3044/training/rbc18_data_sim3044.dat  done
loading cell : /home/michal/dataset/cells/monika_sim_3044/training/rbc98_data_sim3044.dat  done
loading cell : /home/michal/dataset/cells/monika_sim_3044/training/rbc25_data_sim3044.dat  done
loading cell : /home/michal/dataset/cells/monika_sim_3044/training/rbc21_data_sim3044.dat  done
loading cell : /home/michal/dataset/cells/monika_sim_3044/training/rbc28_data_sim3044.dat  done
loading cell : /home/michal/dataset/cells/monika_sim_3044/training/rbc9_data_sim3044.dat  done
loading cell : /home/michal/dataset/cells/monika_sim_3044/training/rbc38_data_sim3044.dat  done
loading cell : /home/michal/dataset/cells/monika_sim_3044/training/rbc45_data_sim3044.dat  done
testing items 100


position range : 4.141087 6.077359 5.869526  : 9104.793945 34.483643 34.067024
speed range : 0.000000 -0.015206 -0.022596  : 0.732227 0.016981 0.017393
CellsLoad uninit done
