CellsLoad initializing


loading training
loading cell : /home/michal/dataset/cells/kika_sim_6/testing/rbc20_data_sim6666.dat  done
loading cell : /home/michal/dataset/cells/kika_sim_6/testing/rbc33_data_sim6666.dat  done
loading cell : /home/michal/dataset/cells/kika_sim_6/testing/rbc10_data_sim6666.dat  done
loading cell : /home/michal/dataset/cells/kika_sim_6/testing/rbc22_data_sim6666.dat  done
loading cell : /home/michal/dataset/cells/kika_sim_6/testing/rbc31_data_sim6666.dat  done
loading cell : /home/michal/dataset/cells/kika_sim_6/testing/rbc25_data_sim6666.dat  done
loading cell : /home/michal/dataset/cells/kika_sim_6/testing/rbc41_data_sim6666.dat  done
loading cell : /home/michal/dataset/cells/kika_sim_6/testing/rbc48_data_sim6666.dat  done
loading cell : /home/michal/dataset/cells/kika_sim_6/testing/rbc0_data_sim6666.dat  done
loading cell : /home/michal/dataset/cells/kika_sim_6/testing/rbc24_data_sim6666.dat  done
loading cell : /home/michal/dataset/cells/kika_sim_6/testing/rbc17_data_sim6666.dat  done
loading cell : /home/michal/dataset/cells/kika_sim_6/testing/rbc12_data_sim6666.dat  done
loading cell : /home/michal/dataset/cells/kika_sim_6/testing/rbc46_data_sim6666.dat  done
loading cell : /home/michal/dataset/cells/kika_sim_6/testing/rbc34_data_sim6666.dat  done
loading cell : /home/michal/dataset/cells/kika_sim_6/testing/rbc35_data_sim6666.dat  done
loading cell : /home/michal/dataset/cells/kika_sim_6/testing/rbc8_data_sim6666.dat  done
loading cell : /home/michal/dataset/cells/kika_sim_6/testing/rbc47_data_sim6666.dat  done
loading cell : /home/michal/dataset/cells/kika_sim_6/testing/rbc13_data_sim6666.dat  done
loading cell : /home/michal/dataset/cells/kika_sim_6/testing/rbc38_data_sim6666.dat  done
loading cell : /home/michal/dataset/cells/kika_sim_6/testing/rbc30_data_sim6666.dat  done
loading cell : /home/michal/dataset/cells/kika_sim_6/testing/rbc14_data_sim6666.dat  done
loading cell : /home/michal/dataset/cells/kika_sim_6/testing/rbc32_data_sim6666.dat  done
loading cell : /home/michal/dataset/cells/kika_sim_6/testing/rbc39_data_sim6666.dat  done
loading cell : /home/michal/dataset/cells/kika_sim_6/testing/rbc23_data_sim6666.dat  done
loading cell : /home/michal/dataset/cells/kika_sim_6/testing/rbc2_data_sim6666.dat  done
loading cell : /home/michal/dataset/cells/kika_sim_6/testing/rbc27_data_sim6666.dat  done
loading cell : /home/michal/dataset/cells/kika_sim_6/testing/rbc42_data_sim6666.dat  done
loading cell : /home/michal/dataset/cells/kika_sim_6/testing/rbc37_data_sim6666.dat  done
loading cell : /home/michal/dataset/cells/kika_sim_6/testing/rbc4_data_sim6666.dat  done
loading cell : /home/michal/dataset/cells/kika_sim_6/testing/rbc3_data_sim6666.dat  done
loading cell : /home/michal/dataset/cells/kika_sim_6/testing/rbc18_data_sim6666.dat  done
loading cell : /home/michal/dataset/cells/kika_sim_6/testing/rbc26_data_sim6666.dat  done
loading cell : /home/michal/dataset/cells/kika_sim_6/testing/rbc19_data_sim6666.dat  done
loading cell : /home/michal/dataset/cells/kika_sim_6/testing/rbc1_data_sim6666.dat  done
loading cell : /home/michal/dataset/cells/kika_sim_6/testing/rbc16_data_sim6666.dat  done
loading cell : /home/michal/dataset/cells/kika_sim_6/testing/rbc28_data_sim6666.dat  done
loading cell : /home/michal/dataset/cells/kika_sim_6/testing/rbc11_data_sim6666.dat  done
loading cell : /home/michal/dataset/cells/kika_sim_6/testing/rbc44_data_sim6666.dat  done
loading cell : /home/michal/dataset/cells/kika_sim_6/testing/rbc29_data_sim6666.dat  done
loading cell : /home/michal/dataset/cells/kika_sim_6/testing/rbc7_data_sim6666.dat  done
loading cell : /home/michal/dataset/cells/kika_sim_6/testing/rbc36_data_sim6666.dat  done
loading cell : /home/michal/dataset/cells/kika_sim_6/testing/rbc9_data_sim6666.dat  done
loading cell : /home/michal/dataset/cells/kika_sim_6/testing/rbc45_data_sim6666.dat  done
loading cell : /home/michal/dataset/cells/kika_sim_6/testing/rbc5_data_sim6666.dat  done
loading cell : /home/michal/dataset/cells/kika_sim_6/testing/rbc40_data_sim6666.dat  done
loading cell : /home/michal/dataset/cells/kika_sim_6/testing/rbc21_data_sim6666.dat  done
loading cell : /home/michal/dataset/cells/kika_sim_6/testing/rbc15_data_sim6666.dat  done
loading cell : /home/michal/dataset/cells/kika_sim_6/testing/rbc6_data_sim6666.dat  done
loading cell : /home/michal/dataset/cells/kika_sim_6/testing/rbc43_data_sim6666.dat  done
loading cell : /home/michal/dataset/cells/kika_sim_6/testing/rbc49_data_sim6666.dat  done
training items 50


loading testing
loading cell : /home/michal/dataset/cells/kika_sim_6/testing/rbc20_data_sim6666.dat  done
loading cell : /home/michal/dataset/cells/kika_sim_6/testing/rbc33_data_sim6666.dat  done
loading cell : /home/michal/dataset/cells/kika_sim_6/testing/rbc10_data_sim6666.dat  done
loading cell : /home/michal/dataset/cells/kika_sim_6/testing/rbc22_data_sim6666.dat  done
loading cell : /home/michal/dataset/cells/kika_sim_6/testing/rbc31_data_sim6666.dat  done
loading cell : /home/michal/dataset/cells/kika_sim_6/testing/rbc25_data_sim6666.dat  done
loading cell : /home/michal/dataset/cells/kika_sim_6/testing/rbc41_data_sim6666.dat  done
loading cell : /home/michal/dataset/cells/kika_sim_6/testing/rbc48_data_sim6666.dat  done
loading cell : /home/michal/dataset/cells/kika_sim_6/testing/rbc0_data_sim6666.dat  done
loading cell : /home/michal/dataset/cells/kika_sim_6/testing/rbc24_data_sim6666.dat  done
loading cell : /home/michal/dataset/cells/kika_sim_6/testing/rbc17_data_sim6666.dat  done
loading cell : /home/michal/dataset/cells/kika_sim_6/testing/rbc12_data_sim6666.dat  done
loading cell : /home/michal/dataset/cells/kika_sim_6/testing/rbc46_data_sim6666.dat  done
loading cell : /home/michal/dataset/cells/kika_sim_6/testing/rbc34_data_sim6666.dat  done
loading cell : /home/michal/dataset/cells/kika_sim_6/testing/rbc35_data_sim6666.dat  done
loading cell : /home/michal/dataset/cells/kika_sim_6/testing/rbc8_data_sim6666.dat  done
loading cell : /home/michal/dataset/cells/kika_sim_6/testing/rbc47_data_sim6666.dat  done
loading cell : /home/michal/dataset/cells/kika_sim_6/testing/rbc13_data_sim6666.dat  done
loading cell : /home/michal/dataset/cells/kika_sim_6/testing/rbc38_data_sim6666.dat  done
loading cell : /home/michal/dataset/cells/kika_sim_6/testing/rbc30_data_sim6666.dat  done
loading cell : /home/michal/dataset/cells/kika_sim_6/testing/rbc14_data_sim6666.dat  done
loading cell : /home/michal/dataset/cells/kika_sim_6/testing/rbc32_data_sim6666.dat  done
loading cell : /home/michal/dataset/cells/kika_sim_6/testing/rbc39_data_sim6666.dat  done
loading cell : /home/michal/dataset/cells/kika_sim_6/testing/rbc23_data_sim6666.dat  done
loading cell : /home/michal/dataset/cells/kika_sim_6/testing/rbc2_data_sim6666.dat  done
loading cell : /home/michal/dataset/cells/kika_sim_6/testing/rbc27_data_sim6666.dat  done
loading cell : /home/michal/dataset/cells/kika_sim_6/testing/rbc42_data_sim6666.dat  done
loading cell : /home/michal/dataset/cells/kika_sim_6/testing/rbc37_data_sim6666.dat  done
loading cell : /home/michal/dataset/cells/kika_sim_6/testing/rbc4_data_sim6666.dat  done
loading cell : /home/michal/dataset/cells/kika_sim_6/testing/rbc3_data_sim6666.dat  done
loading cell : /home/michal/dataset/cells/kika_sim_6/testing/rbc18_data_sim6666.dat  done
loading cell : /home/michal/dataset/cells/kika_sim_6/testing/rbc26_data_sim6666.dat  done
loading cell : /home/michal/dataset/cells/kika_sim_6/testing/rbc19_data_sim6666.dat  done
loading cell : /home/michal/dataset/cells/kika_sim_6/testing/rbc1_data_sim6666.dat  done
loading cell : /home/michal/dataset/cells/kika_sim_6/testing/rbc16_data_sim6666.dat  done
loading cell : /home/michal/dataset/cells/kika_sim_6/testing/rbc28_data_sim6666.dat  done
loading cell : /home/michal/dataset/cells/kika_sim_6/testing/rbc11_data_sim6666.dat  done
loading cell : /home/michal/dataset/cells/kika_sim_6/testing/rbc44_data_sim6666.dat  done
loading cell : /home/michal/dataset/cells/kika_sim_6/testing/rbc29_data_sim6666.dat  done
loading cell : /home/michal/dataset/cells/kika_sim_6/testing/rbc7_data_sim6666.dat  done
loading cell : /home/michal/dataset/cells/kika_sim_6/testing/rbc36_data_sim6666.dat  done
loading cell : /home/michal/dataset/cells/kika_sim_6/testing/rbc9_data_sim6666.dat  done
loading cell : /home/michal/dataset/cells/kika_sim_6/testing/rbc45_data_sim6666.dat  done
loading cell : /home/michal/dataset/cells/kika_sim_6/testing/rbc5_data_sim6666.dat  done
loading cell : /home/michal/dataset/cells/kika_sim_6/testing/rbc40_data_sim6666.dat  done
loading cell : /home/michal/dataset/cells/kika_sim_6/testing/rbc21_data_sim6666.dat  done
loading cell : /home/michal/dataset/cells/kika_sim_6/testing/rbc15_data_sim6666.dat  done
loading cell : /home/michal/dataset/cells/kika_sim_6/testing/rbc6_data_sim6666.dat  done
loading cell : /home/michal/dataset/cells/kika_sim_6/testing/rbc43_data_sim6666.dat  done
loading cell : /home/michal/dataset/cells/kika_sim_6/testing/rbc49_data_sim6666.dat  done
testing items 50


position range : 3.651375 3.199939 2.395210  : 253.932220 42.658482 3.010442
speed range : -0.002930 -0.010693 -0.003886  : 0.034031 0.011288 0.003686
CellsLoad uninit done
